[2016-01-27 20:11:35,802] INFO     0[main] - org.airavata.teamzenith.config.SSHPropertyHandler.getPropertyMap(SSHPropertyHandler.java:19) - Properties file loaded
[2016-01-27 20:12:37,208] INFO 61406[main] - org.airavata.teamzenith.config.SSHPropertyHandler.getPropertyMap(SSHPropertyHandler.java:19) - Properties file loaded
[2016-01-27 20:20:55,100] INFO     0[main] - org.airavata.teamzenith.config.SSHPropertyHandler.getPropertyMap(SSHPropertyHandler.java:19) - Properties file loaded
[2016-01-27 20:47:56,265] INFO     0[main] - org.airavata.teamzenith.config.SSHPropertyHandler.getPropertyMap(SSHPropertyHandler.java:19) - Properties file loaded
[2016-01-27 20:48:19,808] INFO     0[main] - org.airavata.teamzenith.config.SSHPropertyHandler.getPropertyMap(SSHPropertyHandler.java:19) - Properties file loaded
[2016-01-27 20:53:23,385] INFO     0[main] - org.airavata.teamzenith.config.SSHPropertyHandler.getPropertyMap(SSHPropertyHandler.java:19) - Properties file loaded
[2016-01-27 20:53:25,701] INFO  2316[main] - org.airavata.teamzenith.config.SSHPropertyHandler.getPropertyMap(SSHPropertyHandler.java:19) - Properties file loaded
[2016-01-27 20:53:27,197] INFO     0[main] - org.airavata.teamzenith.config.SSHPropertyHandler.getPropertyMap(SSHPropertyHandler.java:19) - Properties file loaded
[2016-01-27 20:53:29,818] INFO  2621[main] - org.airavata.teamzenith.config.SSHPropertyHandler.getPropertyMap(SSHPropertyHandler.java:19) - Properties file loaded
[2016-01-27 20:53:58,394] INFO 31197[main] - org.airavata.teamzenith.config.SSHPropertyHandler.getPropertyMap(SSHPropertyHandler.java:19) - Properties file loaded
[2016-01-27 20:53:58,995] INFO 31798[main] - org.airavata.teamzenith.ssh.SshUtil.ScpTo(SshUtil.java:143) - Scp of file /home/atul/myGit/TeamZenith/BackupRemote/src/main/resources/a.outsuccessful !
[2016-01-27 20:53:58,997] INFO 31800[main] - org.airavata.teamzenith.config.SSHPropertyHandler.getPropertyMap(SSHPropertyHandler.java:19) - Properties file loaded
[2016-01-27 20:53:58,998] INFO 31801[main] - org.airavata.teamzenith.utils.PbsGen.generateScript(PbsGen.java:30) - PBS Script Name isPBS_Script_1453946038998.pbs
[2016-01-27 20:53:58,999] INFO 31802[main] - org.airavata.teamzenith.utils.PbsGen.generateScript(PbsGen.java:45) - Mail cmd is sh mailsenddest.sh 2> /dev/null
[2016-01-27 20:53:59,000] INFO 31803[main] - org.airavata.teamzenith.utils.PbsGen.generateScript(PbsGen.java:54) - PBS Script File generation successful
[2016-01-27 20:53:59,001] INFO 31804[main] - org.airavata.teamzenith.config.SSHPropertyHandler.getPropertyMap(SSHPropertyHandler.java:19) - Properties file loaded
[2016-01-27 20:53:59,423] INFO 32226[main] - org.airavata.teamzenith.ssh.SshUtil.ScpTo(SshUtil.java:143) - Scp of file /home/atul/myGit/TeamZenith/BackupRemote/src/main/resources/PBS_Script_1453946038998.pbssuccessful !
[2016-01-27 20:53:59,424] INFO 32227[main] - org.airavata.teamzenith.config.SSHPropertyHandler.getPropertyMap(SSHPropertyHandler.java:19) - Properties file loaded
[2016-01-27 20:53:59,427] INFO 32230[main] - org.airavata.teamzenith.config.SSHPropertyHandler.getPropertyMap(SSHPropertyHandler.java:19) - Properties file loaded
[2016-01-27 20:53:59,945] INFO 32748[main] - org.airavata.teamzenith.ssh.SshUtil.ScpTo(SshUtil.java:143) - Scp of file /home/atul/myGit/TeamZenith/BackupRemote/src/main/resources/mailsenddest.shsuccessful !
[2016-01-27 20:53:59,946] INFO 32749[main] - org.airavata.teamzenith.config.SSHPropertyHandler.getPropertyMap(SSHPropertyHandler.java:19) - Properties file loaded
[2016-01-27 20:57:44,732] INFO     0[main] - org.airavata.teamzenith.config.SSHPropertyHandler.getPropertyMap(SSHPropertyHandler.java:19) - Properties file loaded
[2016-01-27 20:58:17,972] INFO 33240[main] - org.airavata.teamzenith.config.SSHPropertyHandler.getPropertyMap(SSHPropertyHandler.java:19) - Properties file loaded
[2016-01-27 20:58:34,143] INFO 49411[main] - org.airavata.teamzenith.config.SSHPropertyHandler.getPropertyMap(SSHPropertyHandler.java:19) - Properties file loaded
[2016-01-27 20:58:34,991] INFO 50259[main] - org.airavata.teamzenith.ssh.SshUtil.ScpTo(SshUtil.java:143) - Scp of file /home/atul/myGit/TeamZenith/BackupRemote/src/main/resources/a.outsuccessful !
[2016-01-27 20:58:34,992] INFO 50260[main] - org.airavata.teamzenith.config.SSHPropertyHandler.getPropertyMap(SSHPropertyHandler.java:19) - Properties file loaded
[2016-01-27 20:58:34,993] INFO 50261[main] - org.airavata.teamzenith.utils.PbsGen.generateScript(PbsGen.java:30) - PBS Script Name isPBS_Script_1453946314993.pbs
[2016-01-27 20:58:34,993] INFO 50261[main] - org.airavata.teamzenith.utils.PbsGen.generateScript(PbsGen.java:45) - Mail cmd is sh mailsenddest.sh 2> /dev/null
[2016-01-27 20:58:34,994] INFO 50262[main] - org.airavata.teamzenith.utils.PbsGen.generateScript(PbsGen.java:54) - PBS Script File generation successful
[2016-01-27 20:58:34,994] INFO 50262[main] - org.airavata.teamzenith.config.SSHPropertyHandler.getPropertyMap(SSHPropertyHandler.java:19) - Properties file loaded
[2016-01-27 20:58:35,556] INFO 50824[main] - org.airavata.teamzenith.ssh.SshUtil.ScpTo(SshUtil.java:143) - Scp of file /home/atul/myGit/TeamZenith/BackupRemote/src/main/resources/PBS_Script_1453946314993.pbssuccessful !
[2016-01-27 20:58:35,557] INFO 50825[main] - org.airavata.teamzenith.config.SSHPropertyHandler.getPropertyMap(SSHPropertyHandler.java:19) - Properties file loaded
[2016-01-27 20:58:35,558] INFO 50826[main] - org.airavata.teamzenith.config.SSHPropertyHandler.getPropertyMap(SSHPropertyHandler.java:19) - Properties file loaded
[2016-01-27 20:58:36,033] INFO 51301[main] - org.airavata.teamzenith.ssh.SshUtil.ScpTo(SshUtil.java:143) - Scp of file /home/atul/myGit/TeamZenith/BackupRemote/src/main/resources/mailsenddest.shsuccessful !
[2016-01-27 20:58:36,034] INFO 51302[main] - org.airavata.teamzenith.config.SSHPropertyHandler.getPropertyMap(SSHPropertyHandler.java:19) - Properties file loaded
[2016-01-27 21:02:32,201] INFO     0[main] - org.airavata.teamzenith.config.SSHPropertyHandler.getPropertyMap(SSHPropertyHandler.java:19) - Properties file loaded
[2016-01-27 21:02:32,855] INFO   654[main] - org.airavata.teamzenith.ssh.SshUtil.sessionStart(SshUtil.java:54) - Session connected successfully !!!
[2016-01-27 21:02:36,110] INFO  3909[main] - org.airavata.teamzenith.config.SSHPropertyHandler.getPropertyMap(SSHPropertyHandler.java:19) - Properties file loaded
[2016-01-27 21:02:51,445] INFO 19244[main] - org.airavata.teamzenith.config.SSHPropertyHandler.getPropertyMap(SSHPropertyHandler.java:19) - Properties file loaded
[2016-01-27 21:02:51,938] INFO 19737[main] - org.airavata.teamzenith.ssh.SshUtil.ScpTo(SshUtil.java:143) - Scp of file /home/atul/myGit/TeamZenith/BackupRemote/src/main/resources/a.outsuccessful !
[2016-01-27 21:02:51,938] INFO 19737[main] - org.airavata.teamzenith.config.SSHPropertyHandler.getPropertyMap(SSHPropertyHandler.java:19) - Properties file loaded
[2016-01-27 21:02:51,939] INFO 19738[main] - org.airavata.teamzenith.utils.PbsGen.generateScript(PbsGen.java:30) - PBS Script Name isPBS_Script_1453946571939.pbs
[2016-01-27 21:02:51,939] INFO 19738[main] - org.airavata.teamzenith.utils.PbsGen.generateScript(PbsGen.java:46) - Mail cmd is sh mailsenddest.sh 2> /dev/null
[2016-01-27 21:02:51,940] INFO 19739[main] - org.airavata.teamzenith.utils.PbsGen.generateScript(PbsGen.java:55) - PBS Script File generation successful
[2016-01-27 21:02:51,940] INFO 19739[main] - org.airavata.teamzenith.config.SSHPropertyHandler.getPropertyMap(SSHPropertyHandler.java:19) - Properties file loaded
[2016-01-27 21:02:52,429] INFO 20228[main] - org.airavata.teamzenith.ssh.SshUtil.ScpTo(SshUtil.java:143) - Scp of file /home/atul/myGit/TeamZenith/BackupRemote/src/main/resources/PBS_Script_1453946571939.pbssuccessful !
[2016-01-27 21:02:52,430] INFO 20229[main] - org.airavata.teamzenith.config.SSHPropertyHandler.getPropertyMap(SSHPropertyHandler.java:19) - Properties file loaded
[2016-01-27 21:02:52,431] INFO 20230[main] - org.airavata.teamzenith.config.SSHPropertyHandler.getPropertyMap(SSHPropertyHandler.java:19) - Properties file loaded
[2016-01-27 21:02:52,831] INFO 20630[main] - org.airavata.teamzenith.ssh.SshUtil.ScpTo(SshUtil.java:143) - Scp of file /home/atul/myGit/TeamZenith/BackupRemote/src/main/resources/mailsenddest.shsuccessful !
[2016-01-27 21:02:52,832] INFO 20631[main] - org.airavata.teamzenith.config.SSHPropertyHandler.getPropertyMap(SSHPropertyHandler.java:19) - Properties file loaded
[2016-01-27 21:02:53,871] INFO 21670[main] - org.airavata.teamzenith.ssh.SshUtil.executeCommand(SshUtil.java:215) - qsub /N/u/atumohan/Karst/Assignment1/PBS_Script_1453946571939.pbs: Executed successfully !!!
[2016-01-27 21:02:53,876] INFO 21675[main] - org.airavata.teamzenith.ssh.SshUtil.sessionStop(SshUtil.java:65) - Session disconnected !!!
[2016-01-27 21:07:07,063] INFO     0[main] - org.airavata.teamzenith.config.SSHPropertyHandler.getPropertyMap(SSHPropertyHandler.java:19) - Properties file loaded
[2016-01-27 21:07:07,732] INFO   669[main] - org.airavata.teamzenith.ssh.SshUtil.sessionStart(SshUtil.java:54) - Session connected successfully !!!
[2016-01-27 21:07:10,831] INFO  3768[main] - org.airavata.teamzenith.config.SSHPropertyHandler.getPropertyMap(SSHPropertyHandler.java:19) - Properties file loaded
[2016-01-27 21:07:25,834] INFO 18771[main] - org.airavata.teamzenith.config.SSHPropertyHandler.getPropertyMap(SSHPropertyHandler.java:19) - Properties file loaded
[2016-01-27 21:07:26,360] INFO 19297[main] - org.airavata.teamzenith.ssh.SshUtil.ScpTo(SshUtil.java:143) - Scp of file /home/atul/myGit/TeamZenith/BackupRemote/src/main/resources/a.outsuccessful !
[2016-01-27 21:07:26,360] INFO 19297[main] - org.airavata.teamzenith.config.SSHPropertyHandler.getPropertyMap(SSHPropertyHandler.java:19) - Properties file loaded
[2016-01-27 21:07:26,361] INFO 19298[main] - org.airavata.teamzenith.utils.PbsGen.generateScript(PbsGen.java:30) - PBS Script Name isPBS_Script_1453946846361.pbs
[2016-01-27 21:07:26,362] INFO 19299[main] - org.airavata.teamzenith.utils.PbsGen.generateScript(PbsGen.java:46) - Mail cmd is sh mailsenddest.sh 2> /dev/null
[2016-01-27 21:07:26,362] INFO 19299[main] - org.airavata.teamzenith.utils.PbsGen.generateScript(PbsGen.java:56) - PBS Script File generation successful
[2016-01-27 21:07:26,363] INFO 19300[main] - org.airavata.teamzenith.config.SSHPropertyHandler.getPropertyMap(SSHPropertyHandler.java:19) - Properties file loaded
[2016-01-27 21:07:26,750] INFO 19687[main] - org.airavata.teamzenith.ssh.SshUtil.ScpTo(SshUtil.java:143) - Scp of file /home/atul/myGit/TeamZenith/BackupRemote/src/main/resources/PBS_Script_1453946846361.pbssuccessful !
[2016-01-27 21:07:26,751] INFO 19688[main] - org.airavata.teamzenith.config.SSHPropertyHandler.getPropertyMap(SSHPropertyHandler.java:19) - Properties file loaded
[2016-01-27 21:07:26,753] INFO 19690[main] - org.airavata.teamzenith.config.SSHPropertyHandler.getPropertyMap(SSHPropertyHandler.java:19) - Properties file loaded
[2016-01-27 21:07:27,244] INFO 20181[main] - org.airavata.teamzenith.ssh.SshUtil.ScpTo(SshUtil.java:143) - Scp of file /home/atul/myGit/TeamZenith/BackupRemote/src/main/resources/mailsenddest.shsuccessful !
[2016-01-27 21:07:27,245] INFO 20182[main] - org.airavata.teamzenith.config.SSHPropertyHandler.getPropertyMap(SSHPropertyHandler.java:19) - Properties file loaded
[2016-01-27 21:07:28,289] INFO 21226[main] - org.airavata.teamzenith.ssh.SshUtil.executeCommand(SshUtil.java:215) - qsub /N/u/atumohan/Karst/Assignment1/PBS_Script_1453946846361.pbs: Executed successfully !!!
[2016-01-27 21:07:28,293] INFO 21230[main] - org.airavata.teamzenith.ssh.SshUtil.sessionStop(SshUtil.java:65) - Session disconnected !!!
