[2016-01-27 20:49:34,960] INFO     0[main] - org.airavata.teamzenith.config.SSHPropertyHandler.getPropertyMap(SSHPropertyHandler.java:19) - Properties file loaded
[2016-01-27 20:50:06,984] INFO     0[main] - org.airavata.teamzenith.config.SSHPropertyHandler.getPropertyMap(SSHPropertyHandler.java:19) - Properties file loaded
[2016-01-27 20:52:57,871] INFO     0[main] - org.airavata.teamzenith.config.SSHPropertyHandler.getPropertyMap(SSHPropertyHandler.java:19) - Properties file loaded
[2016-01-27 20:53:02,629] INFO  4758[main] - org.airavata.teamzenith.config.SSHPropertyHandler.getPropertyMap(SSHPropertyHandler.java:19) - Properties file loaded
[2016-01-27 21:06:19,286] INFO     0[main] - org.airavata.teamzenith.config.SSHPropertyHandler.getPropertyMap(SSHPropertyHandler.java:19) - Properties file loaded
[2016-01-27 21:06:20,000] INFO   714[main] - org.airavata.teamzenith.ssh.SshUtil.sessionStart(SshUtil.java:54) - Session connected successfully !!!
[2016-01-27 21:06:26,439] INFO  7153[main] - org.airavata.teamzenith.config.SSHPropertyHandler.getPropertyMap(SSHPropertyHandler.java:19) - Properties file loaded
[2016-01-27 21:06:26,451] INFO  7165[main] - org.airavata.teamzenith.ssh.SshUtil.sessionStop(SshUtil.java:65) - Session disconnected !!!
[2016-01-27 22:43:41,580] INFO     0[main] - org.airavata.teamzenith.config.SSHPropertyHandler.getPropertyMap(SSHPropertyHandler.java:19) - Properties file loaded
[2016-01-27 22:43:44,798] INFO  3218[main] - org.airavata.teamzenith.config.SSHPropertyHandler.getPropertyMap(SSHPropertyHandler.java:19) - Properties file loaded
[2016-01-27 22:44:04,330] INFO 22750[main] - org.airavata.teamzenith.config.SSHPropertyHandler.getPropertyMap(SSHPropertyHandler.java:19) - Properties file loaded
[2016-01-27 22:44:05,040] INFO 23460[main] - org.airavata.teamzenith.ssh.SshUtil.sessionStart(SshUtil.java:55) - Session connected successfully !!!
[2016-01-27 22:44:05,043] INFO 23463[main] - org.airavata.teamzenith.config.SSHPropertyHandler.getPropertyMap(SSHPropertyHandler.java:19) - Properties file loaded
[2016-01-27 22:44:05,547] INFO 23967[main] - org.airavata.teamzenith.ssh.SshUtil.ScpTo(SshUtil.java:144) - Scp of file /home/atul/myGit/TeamZenith/BackupRemote/src/main/resources/a.csuccessful !
[2016-01-27 22:44:05,547] INFO 23967[main] - org.airavata.teamzenith.main.Core.main(Core.java:49) - Compilation required
[2016-01-27 22:44:05,548] INFO 23968[main] - org.airavata.teamzenith.config.SSHPropertyHandler.getPropertyMap(SSHPropertyHandler.java:19) - Properties file loaded
[2016-01-27 22:44:08,587] INFO 27007[main] - org.airavata.teamzenith.ssh.SshUtil.executeCommand(SshUtil.java:216) - mpicc /N/u/atumohan/Karst/Assignment1/a.c -o Assignment1/a.c.out: Executed successfully !!!
[2016-01-27 22:44:08,587] INFO 27007[main] - org.airavata.teamzenith.config.SSHPropertyHandler.getPropertyMap(SSHPropertyHandler.java:19) - Properties file loaded
[2016-01-27 22:44:08,587] INFO 27007[main] - org.airavata.teamzenith.utils.PbsGen.generateScript(PbsGen.java:31) - PBS Script Name isPBS_Script_1453952648587.pbs
[2016-01-27 22:44:08,588] INFO 27008[main] - org.airavata.teamzenith.utils.PbsGen.generateScript(PbsGen.java:47) - Mail cmd is sh mailsenddest.sh 2> /dev/null
[2016-01-27 22:44:08,588] INFO 27008[main] - org.airavata.teamzenith.utils.PbsGen.generateScript(PbsGen.java:57) - PBS Script File generation successful
[2016-01-27 22:44:08,588] INFO 27008[main] - org.airavata.teamzenith.config.SSHPropertyHandler.getPropertyMap(SSHPropertyHandler.java:19) - Properties file loaded
[2016-01-27 22:44:08,984] INFO 27404[main] - org.airavata.teamzenith.ssh.SshUtil.ScpTo(SshUtil.java:144) - Scp of file /home/atul/myGit/TeamZenith/BackupRemote/src/main/resources/PBS_Script_1453952648587.pbssuccessful !
[2016-01-27 22:44:08,984] INFO 27404[main] - org.airavata.teamzenith.config.SSHPropertyHandler.getPropertyMap(SSHPropertyHandler.java:19) - Properties file loaded
[2016-01-27 22:44:08,988] INFO 27408[main] - org.airavata.teamzenith.config.SSHPropertyHandler.getPropertyMap(SSHPropertyHandler.java:19) - Properties file loaded
[2016-01-27 22:44:09,430] INFO 27850[main] - org.airavata.teamzenith.ssh.SshUtil.ScpTo(SshUtil.java:144) - Scp of file /home/atul/myGit/TeamZenith/BackupRemote/src/main/resources/mailsenddest.shsuccessful !
[2016-01-27 22:44:09,430] INFO 27850[main] - org.airavata.teamzenith.config.SSHPropertyHandler.getPropertyMap(SSHPropertyHandler.java:19) - Properties file loaded
[2016-01-27 22:44:10,469] INFO 28889[main] - org.airavata.teamzenith.ssh.SshUtil.executeCommand(SshUtil.java:216) - qsub /N/u/atumohan/Karst/Assignment1/PBS_Script_1453952648587.pbs: Executed successfully !!!
[2016-01-27 22:44:10,472] INFO 28892[main] - org.airavata.teamzenith.ssh.SshUtil.sessionStop(SshUtil.java:66) - Session disconnected !!!
[2016-02-01 20:54:39,265] INFO     0[main] - org.airavata.teamzenith.config.SSHPropertyHandler.getPropertyMap(SSHPropertyHandler.java:19) - Properties file loaded
[2016-02-01 20:54:53,641] INFO 14376[main] - org.airavata.teamzenith.config.SSHPropertyHandler.getPropertyMap(SSHPropertyHandler.java:19) - Properties file loaded
[2016-02-01 20:54:53,642]ERROR 14377[main] - org.airavata.teamzenith.main.Core.main(Core.java:85) - java.io.FileNotFoundException: Private Key File not found
[2016-02-01 20:56:06,194] INFO     0[main] - org.airavata.teamzenith.config.SSHPropertyHandler.getPropertyMap(SSHPropertyHandler.java:19) - Properties file loaded
[2016-02-01 20:56:15,076] INFO  8882[main] - org.airavata.teamzenith.config.SSHPropertyHandler.getPropertyMap(SSHPropertyHandler.java:19) - Properties file loaded
[2016-02-01 20:56:15,076]ERROR  8882[main] - org.airavata.teamzenith.main.Core.main(Core.java:85) - java.io.FileNotFoundException: Private Key File not found
[2016-02-01 21:01:43,682] INFO     0[main] - org.airavata.teamzenith.config.SSHPropertyHandler.getPropertyMap(SSHPropertyHandler.java:19) - Properties file loaded
[2016-02-01 21:03:42,739] INFO119057[main] - org.airavata.teamzenith.config.SSHPropertyHandler.getPropertyMap(SSHPropertyHandler.java:19) - Properties file loaded
[2016-02-01 21:03:43,712]ERROR120030[main] - org.airavata.teamzenith.main.Core.main(Core.java:85) - com.jcraft.jsch.JSchException: Auth fail
[2016-02-01 21:06:47,316] INFO     0[main] - org.airavata.teamzenith.config.SSHPropertyHandler.getPropertyMap(SSHPropertyHandler.java:19) - Properties file loaded
[2016-02-01 21:06:47,320]ERROR     4[main] - org.airavata.teamzenith.main.Core.main(Core.java:85) - java.io.FileNotFoundException: Directory not found
[2016-02-01 21:07:17,819] INFO     0[main] - org.airavata.teamzenith.config.SSHPropertyHandler.getPropertyMap(SSHPropertyHandler.java:19) - Properties file loaded
[2016-02-01 21:08:41,367] INFO     0[main] - org.airavata.teamzenith.config.SSHPropertyHandler.getPropertyMap(SSHPropertyHandler.java:19) - Properties file loaded
[2016-02-01 21:09:39,176] INFO 57809[main] - org.airavata.teamzenith.config.SSHPropertyHandler.getPropertyMap(SSHPropertyHandler.java:19) - Properties file loaded
[2016-02-01 21:09:40,559] INFO 59192[main] - org.airavata.teamzenith.ssh.SshUtil.sessionStart(SshUtil.java:56) - Session connected successfully !!!
[2016-02-01 21:09:40,560] INFO 59193[main] - org.airavata.teamzenith.config.SSHPropertyHandler.getPropertyMap(SSHPropertyHandler.java:19) - Properties file loaded
[2016-02-01 21:09:41,564] INFO 60197[main] - org.airavata.teamzenith.ssh.SshUtil.ScpTo(SshUtil.java:145) - Scp of file C:\Users\Anuj\Documents\GitHub\TeamZenith\Project_One_Submission\config\a.csuccessful !
[2016-02-01 21:09:41,564] INFO 60197[main] - org.airavata.teamzenith.main.Core.main(Core.java:49) - Compilation required
[2016-02-01 21:09:41,574] INFO 60207[main] - org.airavata.teamzenith.config.SSHPropertyHandler.getPropertyMap(SSHPropertyHandler.java:19) - Properties file loaded
[2016-02-01 21:09:42,613] INFO 61246[main] - org.airavata.teamzenith.ssh.SshUtil.executeCommand(SshUtil.java:217) - mpicc /N/u/a.c -o Assignment1/a.c.out: Executed successfully !!!
[2016-02-01 21:09:42,615] INFO 61248[main] - org.airavata.teamzenith.config.SSHPropertyHandler.getPropertyMap(SSHPropertyHandler.java:19) - Properties file loaded
[2016-02-01 21:09:42,616] INFO 61249[main] - org.airavata.teamzenith.utils.PbsGen.generateScript(PbsGen.java:31) - PBS Script Name isPBS_Script_1454378982616.pbs
[2016-02-01 21:09:42,618] INFO 61251[main] - org.airavata.teamzenith.utils.PbsGen.generateScript(PbsGen.java:47) - Mail cmd is sh mailsenddest.sh 2> /dev/null
[2016-02-01 21:09:42,619] INFO 61252[main] - org.airavata.teamzenith.utils.PbsGen.generateScript(PbsGen.java:57) - PBS Script File generation successful
[2016-02-01 21:09:42,624] INFO 61257[main] - org.airavata.teamzenith.config.SSHPropertyHandler.getPropertyMap(SSHPropertyHandler.java:19) - Properties file loaded
[2016-02-01 21:09:43,037] INFO 61670[main] - org.airavata.teamzenith.ssh.SshUtil.ScpTo(SshUtil.java:145) - Scp of file C:\Users\Anuj\Documents\GitHub\TeamZenith\Project_One_Submission\config\PBS_Script_1454378982616.pbssuccessful !
[2016-02-01 21:09:43,038] INFO 61671[main] - org.airavata.teamzenith.config.SSHPropertyHandler.getPropertyMap(SSHPropertyHandler.java:19) - Properties file loaded
[2016-02-01 21:09:43,042] INFO 61675[main] - org.airavata.teamzenith.config.SSHPropertyHandler.getPropertyMap(SSHPropertyHandler.java:19) - Properties file loaded
[2016-02-01 21:09:43,430] INFO 62063[main] - org.airavata.teamzenith.ssh.SshUtil.ScpTo(SshUtil.java:145) - Scp of file C:\Users\Anuj\Documents\GitHub\TeamZenith\Project_One_Submission\config\mailsenddest.shsuccessful !
[2016-02-01 21:09:43,433] INFO 62066[main] - org.airavata.teamzenith.config.SSHPropertyHandler.getPropertyMap(SSHPropertyHandler.java:19) - Properties file loaded
[2016-02-01 21:09:44,478] INFO 63111[main] - org.airavata.teamzenith.ssh.SshUtil.executeCommand(SshUtil.java:217) - qsub /N/u/PBS_Script_1454378982616.pbs: Executed successfully !!!
[2016-02-01 21:09:44,505] INFO 63138[main] - org.airavata.teamzenith.ssh.SshUtil.sessionStop(SshUtil.java:67) - Session disconnected !!!
[2016-02-01 21:14:31,216] INFO     0[main] - org.airavata.teamzenith.config.SSHPropertyHandler.getPropertyMap(SSHPropertyHandler.java:18) - Properties file loaded
[2016-02-01 21:15:56,649] INFO 85433[main] - org.airavata.teamzenith.config.SSHPropertyHandler.getPropertyMap(SSHPropertyHandler.java:18) - Properties file loaded
[2016-02-01 21:15:57,998] INFO 86782[main] - org.airavata.teamzenith.ssh.SshUtil.sessionStart(SshUtil.java:56) - Session connected successfully !!!
[2016-02-01 21:15:58,001] INFO 86785[main] - org.airavata.teamzenith.config.SSHPropertyHandler.getPropertyMap(SSHPropertyHandler.java:18) - Properties file loaded
[2016-02-01 21:15:58,606] INFO 87390[main] - org.airavata.teamzenith.ssh.SshUtil.ScpTo(SshUtil.java:145) - Scp of file C:\Users\Anuj\Documents\GitHub\TeamZenith\Project_One_Submission\config\a.csuccessful !
[2016-02-01 21:15:58,607] INFO 87391[main] - org.airavata.teamzenith.main.Core.main(Core.java:49) - Compilation required
[2016-02-01 21:15:58,609] INFO 87393[main] - org.airavata.teamzenith.config.SSHPropertyHandler.getPropertyMap(SSHPropertyHandler.java:18) - Properties file loaded
[2016-02-01 21:16:00,645] INFO 89429[main] - org.airavata.teamzenith.ssh.SshUtil.executeCommand(SshUtil.java:217) - mpicc /N/u/atumohan/Karst/a.c -o Assignment1//N/u/atumohan/Karst/a.c.out: Executed successfully !!!
[2016-02-01 21:16:00,648] INFO 89432[main] - org.airavata.teamzenith.config.SSHPropertyHandler.getPropertyMap(SSHPropertyHandler.java:18) - Properties file loaded
[2016-02-01 21:16:00,649] INFO 89433[main] - org.airavata.teamzenith.utils.PbsGen.generateScript(PbsGen.java:31) - PBS Script Name isPBS_Script_1454379360648.pbs
[2016-02-01 21:16:00,651] INFO 89435[main] - org.airavata.teamzenith.utils.PbsGen.generateScript(PbsGen.java:47) - Mail cmd is sh mailsenddest.sh 2> /dev/null
[2016-02-01 21:16:00,653] INFO 89437[main] - org.airavata.teamzenith.utils.PbsGen.generateScript(PbsGen.java:57) - PBS Script File generation successful
[2016-02-01 21:16:00,656] INFO 89440[main] - org.airavata.teamzenith.config.SSHPropertyHandler.getPropertyMap(SSHPropertyHandler.java:18) - Properties file loaded
[2016-02-01 21:16:01,048] INFO 89832[main] - org.airavata.teamzenith.ssh.SshUtil.ScpTo(SshUtil.java:145) - Scp of file C:\Users\Anuj\Documents\GitHub\TeamZenith\Project_One_Submission\config\PBS_Script_1454379360648.pbssuccessful !
[2016-02-01 21:16:01,051] INFO 89835[main] - org.airavata.teamzenith.config.SSHPropertyHandler.getPropertyMap(SSHPropertyHandler.java:18) - Properties file loaded
[2016-02-01 21:16:01,058] INFO 89842[main] - org.airavata.teamzenith.config.SSHPropertyHandler.getPropertyMap(SSHPropertyHandler.java:18) - Properties file loaded
[2016-02-01 21:16:01,447] INFO 90231[main] - org.airavata.teamzenith.ssh.SshUtil.ScpTo(SshUtil.java:145) - Scp of file C:\Users\Anuj\Documents\GitHub\TeamZenith\Project_One_Submission\config\mailsenddest.shsuccessful !
[2016-02-01 21:16:01,449] INFO 90233[main] - org.airavata.teamzenith.config.SSHPropertyHandler.getPropertyMap(SSHPropertyHandler.java:18) - Properties file loaded
[2016-02-01 21:16:02,494] INFO 91278[main] - org.airavata.teamzenith.ssh.SshUtil.executeCommand(SshUtil.java:217) - qsub /N/u/PBS_Script_1454379360648.pbs: Executed successfully !!!
[2016-02-01 21:16:02,519] INFO 91303[main] - org.airavata.teamzenith.ssh.SshUtil.sessionStop(SshUtil.java:67) - Session disconnected !!!
[2016-02-01 21:23:43,477] INFO     0[main] - org.airavata.teamzenith.config.SSHPropertyHandler.getPropertyMap(SSHPropertyHandler.java:18) - Properties file loaded
[2016-02-01 21:24:41,448] INFO 57971[main] - org.airavata.teamzenith.config.SSHPropertyHandler.getPropertyMap(SSHPropertyHandler.java:18) - Properties file loaded
[2016-02-01 21:24:42,664] INFO 59187[main] - org.airavata.teamzenith.ssh.SshUtil.sessionStart(SshUtil.java:56) - Session connected successfully !!!
[2016-02-01 21:24:42,667] INFO 59190[main] - org.airavata.teamzenith.config.SSHPropertyHandler.getPropertyMap(SSHPropertyHandler.java:18) - Properties file loaded
[2016-02-01 21:24:43,259] INFO 59782[main] - org.airavata.teamzenith.ssh.SshUtil.ScpTo(SshUtil.java:145) - Scp of file C:\Users\Anuj\Documents\GitHub\TeamZenith\Project_One_Submission\config\a.csuccessful !
[2016-02-01 21:24:43,260] INFO 59783[main] - org.airavata.teamzenith.main.Core.main(Core.java:49) - Compilation required
[2016-02-01 21:24:43,269] INFO 59792[main] - org.airavata.teamzenith.config.SSHPropertyHandler.getPropertyMap(SSHPropertyHandler.java:18) - Properties file loaded
[2016-02-01 21:24:44,307] INFO 60830[main] - org.airavata.teamzenith.ssh.SshUtil.executeCommand(SshUtil.java:217) - mpicc /N/u/atumohan/Karst/ -o Assignment1/a.c.out: Executed successfully !!!
[2016-02-01 21:24:44,309] INFO 60832[main] - org.airavata.teamzenith.config.SSHPropertyHandler.getPropertyMap(SSHPropertyHandler.java:18) - Properties file loaded
[2016-02-01 21:24:44,309] INFO 60832[main] - org.airavata.teamzenith.utils.PbsGen.generateScript(PbsGen.java:31) - PBS Script Name isPBS_Script_1454379884309.pbs
[2016-02-01 21:24:44,311] INFO 60834[main] - org.airavata.teamzenith.utils.PbsGen.generateScript(PbsGen.java:47) - Mail cmd is sh mailsenddest.sh 2> /dev/null
[2016-02-01 21:24:44,312] INFO 60835[main] - org.airavata.teamzenith.utils.PbsGen.generateScript(PbsGen.java:57) - PBS Script File generation successful
[2016-02-01 21:24:44,317] INFO 60840[main] - org.airavata.teamzenith.config.SSHPropertyHandler.getPropertyMap(SSHPropertyHandler.java:18) - Properties file loaded
[2016-02-01 21:24:44,840] INFO 61363[main] - org.airavata.teamzenith.ssh.SshUtil.ScpTo(SshUtil.java:145) - Scp of file C:\Users\Anuj\Documents\GitHub\TeamZenith\Project_One_Submission\config\PBS_Script_1454379884309.pbssuccessful !
[2016-02-01 21:24:44,841] INFO 61364[main] - org.airavata.teamzenith.config.SSHPropertyHandler.getPropertyMap(SSHPropertyHandler.java:18) - Properties file loaded
[2016-02-01 21:24:44,844] INFO 61367[main] - org.airavata.teamzenith.config.SSHPropertyHandler.getPropertyMap(SSHPropertyHandler.java:18) - Properties file loaded
[2016-02-01 21:24:45,216] INFO 61739[main] - org.airavata.teamzenith.ssh.SshUtil.ScpTo(SshUtil.java:145) - Scp of file C:\Users\Anuj\Documents\GitHub\TeamZenith\Project_One_Submission\config\mailsenddest.shsuccessful !
[2016-02-01 21:24:45,218] INFO 61741[main] - org.airavata.teamzenith.config.SSHPropertyHandler.getPropertyMap(SSHPropertyHandler.java:18) - Properties file loaded
[2016-02-01 21:24:46,254] INFO 62777[main] - org.airavata.teamzenith.ssh.SshUtil.executeCommand(SshUtil.java:217) - qsub /N/u/PBS_Script_1454379884309.pbs: Executed successfully !!!
[2016-02-01 21:24:46,282] INFO 62805[main] - org.airavata.teamzenith.ssh.SshUtil.sessionStop(SshUtil.java:67) - Session disconnected !!!
[2016-02-01 21:28:21,187] INFO     0[main] - org.airavata.teamzenith.config.SSHPropertyHandler.getPropertyMap(SSHPropertyHandler.java:18) - Properties file loaded
[2016-02-01 21:29:28,370] INFO 67183[main] - org.airavata.teamzenith.config.SSHPropertyHandler.getPropertyMap(SSHPropertyHandler.java:18) - Properties file loaded
[2016-02-01 21:29:29,681] INFO 68494[main] - org.airavata.teamzenith.ssh.SshUtil.sessionStart(SshUtil.java:56) - Session connected successfully !!!
[2016-02-01 21:29:29,682] INFO 68495[main] - org.airavata.teamzenith.config.SSHPropertyHandler.getPropertyMap(SSHPropertyHandler.java:18) - Properties file loaded
[2016-02-01 21:29:30,644] INFO 69457[main] - org.airavata.teamzenith.ssh.SshUtil.ScpTo(SshUtil.java:145) - Scp of file C:\Users\Anuj\Documents\GitHub\TeamZenith\Project_One_Submission\config\a.csuccessful !
[2016-02-01 21:29:30,645] INFO 69458[main] - org.airavata.teamzenith.main.Core.main(Core.java:49) - Compilation required
[2016-02-01 21:29:30,647] INFO 69460[main] - org.airavata.teamzenith.config.SSHPropertyHandler.getPropertyMap(SSHPropertyHandler.java:18) - Properties file loaded
[2016-02-01 21:29:32,685] INFO 71498[main] - org.airavata.teamzenith.ssh.SshUtil.executeCommand(SshUtil.java:217) - mpicc /N/u/atumohan/a.c -o Assignment1/a.c.out: Executed successfully !!!
[2016-02-01 21:29:32,687] INFO 71500[main] - org.airavata.teamzenith.config.SSHPropertyHandler.getPropertyMap(SSHPropertyHandler.java:18) - Properties file loaded
[2016-02-01 21:29:32,687] INFO 71500[main] - org.airavata.teamzenith.utils.PbsGen.generateScript(PbsGen.java:31) - PBS Script Name isPBS_Script_1454380172687.pbs
[2016-02-01 21:29:32,689] INFO 71502[main] - org.airavata.teamzenith.utils.PbsGen.generateScript(PbsGen.java:47) - Mail cmd is sh mailsenddest.sh 2> /dev/null
[2016-02-01 21:29:32,690] INFO 71503[main] - org.airavata.teamzenith.utils.PbsGen.generateScript(PbsGen.java:57) - PBS Script File generation successful
[2016-02-01 21:29:32,694] INFO 71507[main] - org.airavata.teamzenith.config.SSHPropertyHandler.getPropertyMap(SSHPropertyHandler.java:18) - Properties file loaded
[2016-02-01 21:29:33,061] INFO 71874[main] - org.airavata.teamzenith.ssh.SshUtil.ScpTo(SshUtil.java:145) - Scp of file C:\Users\Anuj\Documents\GitHub\TeamZenith\Project_One_Submission\config\PBS_Script_1454380172687.pbssuccessful !
[2016-02-01 21:29:33,062] INFO 71875[main] - org.airavata.teamzenith.config.SSHPropertyHandler.getPropertyMap(SSHPropertyHandler.java:18) - Properties file loaded
[2016-02-01 21:29:33,070] INFO 71883[main] - org.airavata.teamzenith.config.SSHPropertyHandler.getPropertyMap(SSHPropertyHandler.java:18) - Properties file loaded
[2016-02-01 21:29:33,448] INFO 72261[main] - org.airavata.teamzenith.ssh.SshUtil.ScpTo(SshUtil.java:145) - Scp of file C:\Users\Anuj\Documents\GitHub\TeamZenith\Project_One_Submission\config\mailsenddest.shsuccessful !
[2016-02-01 21:29:33,450] INFO 72263[main] - org.airavata.teamzenith.config.SSHPropertyHandler.getPropertyMap(SSHPropertyHandler.java:18) - Properties file loaded
[2016-02-01 21:29:34,487] INFO 73300[main] - org.airavata.teamzenith.ssh.SshUtil.executeCommand(SshUtil.java:217) - qsub /N/u/PBS_Script_1454380172687.pbs: Executed successfully !!!
[2016-02-01 21:29:34,513] INFO 73326[main] - org.airavata.teamzenith.ssh.SshUtil.sessionStop(SshUtil.java:67) - Session disconnected !!!
[2016-02-01 21:50:15,991] INFO     0[main] - org.airavata.teamzenith.config.SSHPropertyHandler.getPropertyMap(SSHPropertyHandler.java:18) - Properties file loaded
[2016-02-01 21:51:22,582] INFO 66591[main] - org.airavata.teamzenith.config.SSHPropertyHandler.getPropertyMap(SSHPropertyHandler.java:18) - Properties file loaded
[2016-02-01 21:51:23,967] INFO 67976[main] - org.airavata.teamzenith.ssh.SshUtil.sessionStart(SshUtil.java:56) - Session connected successfully !!!
[2016-02-01 21:51:23,968] INFO 67977[main] - org.airavata.teamzenith.config.SSHPropertyHandler.getPropertyMap(SSHPropertyHandler.java:18) - Properties file loaded
[2016-02-01 21:51:24,519] INFO 68528[main] - org.airavata.teamzenith.ssh.SshUtil.ScpTo(SshUtil.java:145) - Scp of file C:\Users\Anuj\Documents\GitHub\TeamZenith\Project_One_Submission\config\a.csuccessful !
[2016-02-01 21:51:24,520] INFO 68529[main] - org.airavata.teamzenith.main.Core.main(Core.java:50) - Compilation required
[2016-02-01 21:51:24,522] INFO 68531[main] - org.airavata.teamzenith.config.SSHPropertyHandler.getPropertyMap(SSHPropertyHandler.java:18) - Properties file loaded
[2016-02-01 21:51:26,560] INFO 70569[main] - org.airavata.teamzenith.ssh.SshUtil.executeCommand(SshUtil.java:217) - mpicc /N/u/atumohan/Karst/a.c -o a.c.out: Executed successfully !!!
[2016-02-01 21:51:26,562] INFO 70571[main] - org.airavata.teamzenith.config.SSHPropertyHandler.getPropertyMap(SSHPropertyHandler.java:18) - Properties file loaded
[2016-02-01 21:51:26,563] INFO 70572[main] - org.airavata.teamzenith.utils.PbsGen.generateScript(PbsGen.java:31) - PBS Script Name isPBS_Script_1454381486563.pbs
[2016-02-01 21:51:26,565] INFO 70574[main] - org.airavata.teamzenith.utils.PbsGen.generateScript(PbsGen.java:47) - Mail cmd is sh mailsenddest.sh 2> /dev/null
[2016-02-01 21:51:26,565] INFO 70574[main] - org.airavata.teamzenith.utils.PbsGen.generateScript(PbsGen.java:57) - PBS Script File generation successful
[2016-02-01 21:51:26,569] INFO 70578[main] - org.airavata.teamzenith.config.SSHPropertyHandler.getPropertyMap(SSHPropertyHandler.java:18) - Properties file loaded
[2016-02-01 21:51:26,953] INFO 70962[main] - org.airavata.teamzenith.ssh.SshUtil.ScpTo(SshUtil.java:145) - Scp of file C:\Users\Anuj\Documents\GitHub\TeamZenith\Project_One_Submission\config\PBS_Script_1454381486563.pbssuccessful !
[2016-02-01 21:51:26,954] INFO 70963[main] - org.airavata.teamzenith.config.SSHPropertyHandler.getPropertyMap(SSHPropertyHandler.java:18) - Properties file loaded
[2016-02-01 21:51:26,962] INFO 70971[main] - org.airavata.teamzenith.config.SSHPropertyHandler.getPropertyMap(SSHPropertyHandler.java:18) - Properties file loaded
[2016-02-01 21:51:27,383] INFO 71392[main] - org.airavata.teamzenith.ssh.SshUtil.ScpTo(SshUtil.java:145) - Scp of file C:\Users\Anuj\Documents\GitHub\TeamZenith\Project_One_Submission\config\mailsenddest.shsuccessful !
[2016-02-01 21:51:27,386] INFO 71395[main] - org.airavata.teamzenith.config.SSHPropertyHandler.getPropertyMap(SSHPropertyHandler.java:18) - Properties file loaded
[2016-02-01 21:51:28,424] INFO 72433[main] - org.airavata.teamzenith.ssh.SshUtil.executeCommand(SshUtil.java:217) - qsub /N/u/atumohan/Karst/a.c.out: Executed successfully !!!
[2016-02-01 21:51:28,453] INFO 72462[main] - org.airavata.teamzenith.ssh.SshUtil.sessionStop(SshUtil.java:67) - Session disconnected !!!
[2016-02-01 22:09:34,615] INFO     0[main] - org.airavata.teamzenith.config.SSHPropertyHandler.getPropertyMap(SSHPropertyHandler.java:18) - Properties file loaded
[2016-02-01 22:11:48,218] INFO     0[main] - org.airavata.teamzenith.config.SSHPropertyHandler.getPropertyMap(SSHPropertyHandler.java:18) - Properties file loaded
[2016-02-01 22:12:34,503] INFO 46285[main] - org.airavata.teamzenith.config.SSHPropertyHandler.getPropertyMap(SSHPropertyHandler.java:18) - Properties file loaded
[2016-02-01 22:12:35,951] INFO 47733[main] - org.airavata.teamzenith.ssh.SshUtil.sessionStart(SshUtil.java:56) - Session connected successfully !!!
[2016-02-01 22:12:35,954] INFO 47736[main] - org.airavata.teamzenith.config.SSHPropertyHandler.getPropertyMap(SSHPropertyHandler.java:18) - Properties file loaded
[2016-02-01 22:12:36,502] INFO 48284[main] - org.airavata.teamzenith.ssh.SshUtil.ScpTo(SshUtil.java:145) - Scp of file C:\Users\Anuj\Documents\GitHub\TeamZenith\Project_One_Submission\config\a.csuccessful !
[2016-02-01 22:12:36,503] INFO 48285[main] - org.airavata.teamzenith.main.Core.main(Core.java:50) - Compilation required
[2016-02-01 22:12:36,505] INFO 48287[main] - org.airavata.teamzenith.config.SSHPropertyHandler.getPropertyMap(SSHPropertyHandler.java:18) - Properties file loaded
[2016-02-01 22:12:39,541] INFO 51323[main] - org.airavata.teamzenith.ssh.SshUtil.executeCommand(SshUtil.java:217) - mpicc /N/u/atumohan/Karst/a.c -o a.c.out: Executed successfully !!!
[2016-02-01 22:12:39,543] INFO 51325[main] - org.airavata.teamzenith.config.SSHPropertyHandler.getPropertyMap(SSHPropertyHandler.java:18) - Properties file loaded
[2016-02-01 22:12:39,543] INFO 51325[main] - org.airavata.teamzenith.utils.PbsGen.generateScript(PbsGen.java:31) - PBS Script Name isPBS_Script_1454382759543.pbs
[2016-02-01 22:12:39,545] INFO 51327[main] - org.airavata.teamzenith.utils.PbsGen.generateScript(PbsGen.java:47) - Mail cmd is sh mailsenddest.sh 2> /dev/null
[2016-02-01 22:12:39,546] INFO 51328[main] - org.airavata.teamzenith.utils.PbsGen.generateScript(PbsGen.java:57) - PBS Script File generation successful
[2016-02-01 22:12:39,551] INFO 51333[main] - org.airavata.teamzenith.config.SSHPropertyHandler.getPropertyMap(SSHPropertyHandler.java:18) - Properties file loaded
[2016-02-01 22:12:39,937] INFO 51719[main] - org.airavata.teamzenith.ssh.SshUtil.ScpTo(SshUtil.java:145) - Scp of file C:\Users\Anuj\Documents\GitHub\TeamZenith\Project_One_Submission\config\PBS_Script_1454382759543.pbssuccessful !
[2016-02-01 22:12:39,939] INFO 51721[main] - org.airavata.teamzenith.config.SSHPropertyHandler.getPropertyMap(SSHPropertyHandler.java:18) - Properties file loaded
[2016-02-01 22:12:39,947] INFO 51729[main] - org.airavata.teamzenith.config.SSHPropertyHandler.getPropertyMap(SSHPropertyHandler.java:18) - Properties file loaded
[2016-02-01 22:12:40,345] INFO 52127[main] - org.airavata.teamzenith.ssh.SshUtil.ScpTo(SshUtil.java:145) - Scp of file C:\Users\Anuj\Documents\GitHub\TeamZenith\Project_One_Submission\config\mailsenddest.shsuccessful !
[2016-02-01 22:12:40,347] INFO 52129[main] - org.airavata.teamzenith.config.SSHPropertyHandler.getPropertyMap(SSHPropertyHandler.java:18) - Properties file loaded
[2016-02-01 22:12:41,384] INFO 53166[main] - org.airavata.teamzenith.ssh.SshUtil.executeCommand(SshUtil.java:217) - qsub /N/u/atumohan/Karst/PBS_Script_1454382759543.pbs: Executed successfully !!!
[2016-02-01 22:12:41,412] INFO 53194[main] - org.airavata.teamzenith.ssh.SshUtil.sessionStop(SshUtil.java:67) - Session disconnected !!!
[2016-02-01 22:23:13,287] INFO     0[main] - org.airavata.teamzenith.config.SSHPropertyHandler.getPropertyMap(SSHPropertyHandler.java:18) - Properties file loaded
[2016-02-01 22:24:36,754] INFO 83467[main] - org.airavata.teamzenith.config.SSHPropertyHandler.getPropertyMap(SSHPropertyHandler.java:18) - Properties file loaded
[2016-02-01 22:24:38,162] INFO 84875[main] - org.airavata.teamzenith.ssh.SshUtil.sessionStart(SshUtil.java:56) - Session connected successfully !!!
[2016-02-01 22:24:38,163] INFO 84876[main] - org.airavata.teamzenith.config.SSHPropertyHandler.getPropertyMap(SSHPropertyHandler.java:18) - Properties file loaded
[2016-02-01 22:24:38,773] INFO 85486[main] - org.airavata.teamzenith.ssh.SshUtil.ScpTo(SshUtil.java:145) - Scp of file C:\Users\Anuj\Documents\GitHub\TeamZenith\Project_One_Submission\config\a.csuccessful !
[2016-02-01 22:24:38,774] INFO 85487[main] - org.airavata.teamzenith.main.Core.main(Core.java:50) - Compilation required
[2016-02-01 22:24:38,776] INFO 85489[main] - org.airavata.teamzenith.config.SSHPropertyHandler.getPropertyMap(SSHPropertyHandler.java:18) - Properties file loaded
[2016-02-01 22:24:39,815] INFO 86528[main] - org.airavata.teamzenith.ssh.SshUtil.executeCommand(SshUtil.java:217) - mpicc /N/u/atumohan/Karst/a.c -o a.c.out: Executed successfully !!!
[2016-02-01 22:24:39,817] INFO 86530[main] - org.airavata.teamzenith.config.SSHPropertyHandler.getPropertyMap(SSHPropertyHandler.java:18) - Properties file loaded
[2016-02-01 22:24:39,817] INFO 86530[main] - org.airavata.teamzenith.utils.PbsGen.generateScript(PbsGen.java:31) - PBS Script Name isPBS_Script_1454383479817.pbs
[2016-02-01 22:24:39,820] INFO 86533[main] - org.airavata.teamzenith.utils.PbsGen.generateScript(PbsGen.java:47) - Mail cmd is sh mailsenddest.sh 2> /dev/null
[2016-02-01 22:24:39,820] INFO 86533[main] - org.airavata.teamzenith.utils.PbsGen.generateScript(PbsGen.java:57) - PBS Script File generation successful
[2016-02-01 22:24:39,824] INFO 86537[main] - org.airavata.teamzenith.config.SSHPropertyHandler.getPropertyMap(SSHPropertyHandler.java:18) - Properties file loaded
[2016-02-01 22:24:40,284] INFO 86997[main] - org.airavata.teamzenith.ssh.SshUtil.ScpTo(SshUtil.java:145) - Scp of file C:\Users\Anuj\Documents\GitHub\TeamZenith\Project_One_Submission\config\PBS_Script_1454383479817.pbssuccessful !
[2016-02-01 22:24:40,285] INFO 86998[main] - org.airavata.teamzenith.config.SSHPropertyHandler.getPropertyMap(SSHPropertyHandler.java:18) - Properties file loaded
[2016-02-01 22:24:40,288] INFO 87001[main] - org.airavata.teamzenith.config.SSHPropertyHandler.getPropertyMap(SSHPropertyHandler.java:18) - Properties file loaded
[2016-02-01 22:24:40,807] INFO 87520[main] - org.airavata.teamzenith.ssh.SshUtil.ScpTo(SshUtil.java:145) - Scp of file C:\Users\Anuj\Documents\GitHub\TeamZenith\Project_One_Submission\config\mailsenddest.shsuccessful !
[2016-02-01 22:24:40,808] INFO 87521[main] - org.airavata.teamzenith.config.SSHPropertyHandler.getPropertyMap(SSHPropertyHandler.java:18) - Properties file loaded
[2016-02-01 22:24:41,847] INFO 88560[main] - org.airavata.teamzenith.ssh.SshUtil.executeCommand(SshUtil.java:217) - qsub /N/u/atumohan/Karst/PBS_Script_1454383479817.pbs: Executed successfully !!!
[2016-02-01 22:24:41,871] INFO 88584[main] - org.airavata.teamzenith.ssh.SshUtil.sessionStop(SshUtil.java:67) - Session disconnected !!!
